0 info it worked if it ends with ok
1 verbose cli [ '/usr/local/bin/node',
1 verbose cli   '/usr/local/bin/npm',
1 verbose cli   'install',
1 verbose cli   '-g',
1 verbose cli   'generator-angular' ]
2 info using npm@1.1.66
3 info using node@v0.8.15
4 verbose read json /usr/local/lib/package.json
5 verbose read json /usr/local/lib/package.json
6 verbose cache add [ 'generator-angular', null ]
7 silly cache add name=undefined spec="generator-angular" args=["generator-angular",null]
8 verbose parsed url { pathname: 'generator-angular',
8 verbose parsed url   path: 'generator-angular',
8 verbose parsed url   href: 'generator-angular' }
9 silly lockFile 458e0b50-generator-angular generator-angular
10 verbose lock generator-angular /home/mugeda/.npm/458e0b50-generator-angular.lock
11 silly lockFile 458e0b50-generator-angular generator-angular
12 verbose addNamed [ 'generator-angular', '' ]
13 verbose addNamed [ null, '' ]
14 silly lockFile 0345f598-generator-angular generator-angular@
15 verbose lock generator-angular@ /home/mugeda/.npm/0345f598-generator-angular.lock
16 silly addNameRange { name: 'generator-angular', range: '', hasData: false }
17 verbose url raw generator-angular
18 verbose url resolving [ 'https://registry.npmjs.org/', './generator-angular' ]
19 verbose url resolved https://registry.npmjs.org/generator-angular
20 info trying registry request attempt 1 at 11:36:37
21 verbose etag "C172OE7IGBQG94ETTI5RVMA5V"
22 http GET https://registry.npmjs.org/generator-angular
23 http 304 https://registry.npmjs.org/generator-angular
24 silly registry.get cb [ 304,
24 silly registry.get   { date: 'Fri, 11 Jul 2014 03:36:46 GMT',
24 silly registry.get     server: 'Apache',
24 silly registry.get     via: '1.1 varnish',
24 silly registry.get     'last-modified': 'Fri, 11 Jul 2014 03:32:24 GMT',
24 silly registry.get     'cache-control': 'max-age=30',
24 silly registry.get     etag: '"C172OE7IGBQG94ETTI5RVMA5V"',
24 silly registry.get     'x-served-by': 'cache-ty66-TYO',
24 silly registry.get     'x-cache': 'HIT',
24 silly registry.get     'x-cache-hits': '2',
24 silly registry.get     'x-timer': 'S1405049806.412877,VS0,VE0',
24 silly registry.get     vary: 'Accept',
24 silly registry.get     'content-length': '0',
24 silly registry.get     'keep-alive': 'timeout=10, max=50',
24 silly registry.get     connection: 'Keep-Alive' } ]
25 verbose etag generator-angular from cache
26 silly addNameRange number 2 { name: 'generator-angular', range: '', hasData: true }
27 silly addNameRange versions [ 'generator-angular',
27 silly addNameRange   [ '0.1.0',
27 silly addNameRange     '0.1.1',
27 silly addNameRange     '0.1.2',
27 silly addNameRange     '0.1.3',
27 silly addNameRange     '0.1.4',
27 silly addNameRange     '0.1.5',
27 silly addNameRange     '0.2.0',
27 silly addNameRange     '0.2.1',
27 silly addNameRange     '0.2.2',
27 silly addNameRange     '0.3.0',
27 silly addNameRange     '0.3.1',
27 silly addNameRange     '0.4.0',
27 silly addNameRange     '0.5.0',
27 silly addNameRange     '0.5.1',
27 silly addNameRange     '0.6.0-rc.1',
27 silly addNameRange     '0.6.0-rc.2',
27 silly addNameRange     '0.6.0',
27 silly addNameRange     '0.7.0',
27 silly addNameRange     '0.7.1',
27 silly addNameRange     '0.8.0',
27 silly addNameRange     '0.9.0-0',
27 silly addNameRange     '0.9.0-1',
27 silly addNameRange     '0.9.0',
27 silly addNameRange     '0.9.1',
27 silly addNameRange     '0.9.2',
27 silly addNameRange     '0.9.3' ] ]
28 verbose addNamed [ 'generator-angular', '0.9.3' ]
29 verbose addNamed [ '0.9.3', '0.9.3' ]
30 silly lockFile d1f055f3-generator-angular-0-9-3 generator-angular@0.9.3
31 verbose lock generator-angular@0.9.3 /home/mugeda/.npm/d1f055f3-generator-angular-0-9-3.lock
32 verbose read json /home/mugeda/.npm/generator-angular/0.9.3/package/package.json
33 silly lockFile d1f055f3-generator-angular-0-9-3 generator-angular@0.9.3
34 silly lockFile 0345f598-generator-angular generator-angular@
35 silly resolved [ { name: 'generator-angular',
35 silly resolved     version: '0.9.3',
35 silly resolved     description: 'Yeoman generator for AngularJS',
35 silly resolved     keywords:
35 silly resolved      [ 'yeoman-generator',
35 silly resolved        'scaffold',
35 silly resolved        'framework',
35 silly resolved        'component',
35 silly resolved        'front-end',
35 silly resolved        'app',
35 silly resolved        'angular' ],
35 silly resolved     author: { name: 'The Yeoman Team' },
35 silly resolved     main: 'app/index.js',
35 silly resolved     files:
35 silly resolved      [ 'app',
35 silly resolved        'common',
35 silly resolved        'constant',
35 silly resolved        'controller',
35 silly resolved        'decorator',
35 silly resolved        'directive',
35 silly resolved        'factory',
35 silly resolved        'filter',
35 silly resolved        'main',
35 silly resolved        'provider',
35 silly resolved        'route',
35 silly resolved        'service',
35 silly resolved        'templates',
35 silly resolved        'value',
35 silly resolved        'view',
35 silly resolved        'script-base.js',
35 silly resolved        'util.js' ],
35 silly resolved     repository: { type: 'git', url: 'yeoman/generator-angular' },
35 silly resolved     scripts: { test: 'mocha' },
35 silly resolved     dependencies:
35 silly resolved      { wiredep: '^1.0.0',
35 silly resolved        'yeoman-generator': '^0.16.0',
35 silly resolved        yosay: '^0.2.0',
35 silly resolved        chalk: '^0.4.0' },
35 silly resolved     peerDependencies: { 'generator-karma': '>=0.8.2', yo: '>=1.0.0' },
35 silly resolved     devDependencies:
35 silly resolved      { grunt: '~0.4.1',
35 silly resolved        'grunt-contrib-jshint': '~0.8.0',
35 silly resolved        'grunt-conventional-changelog': '~1.1.0',
35 silly resolved        'grunt-release': '~0.6.0',
35 silly resolved        'load-grunt-tasks': '~0.3.0',
35 silly resolved        mocha: '*',
35 silly resolved        semver: '~2.3.0',
35 silly resolved        'underscore.string': '~2.3.1' },
35 silly resolved     engines: { node: '>=0.10.0', npm: '>=1.2.10' },
35 silly resolved     licenses: [ [Object] ],
35 silly resolved     readme: '# AngularJS generator [![Build Status](https://secure.travis-ci.org/yeoman/generator-angular.svg?branch=master)](http://travis-ci.org/yeoman/generator-angular)\n\n> Yeoman generator for AngularJS - lets you quickly set up a project with sensible defaults and best practices.\n\n[Roadmap for upcoming plans/features/fixes](https://github.com/yeoman/generator-angular/issues/553)\n\n## Usage\n\nInstall `generator-angular`:\n```\nnpm install -g generator-angular\n```\n\nMake a new directory, and `cd` into it:\n```\nmkdir my-new-project && cd $_\n```\n\nRun `yo angular`, optionally passing an app name:\n```\nyo angular [app-name]\n```\n\nRun `grunt` for building and `grunt serve` for preview\n\n\n## Generators\n\nAvailable generators:\n\n* [angular](#app) (aka [angular:app](#app))\n* [angular:controller](#controller)\n* [angular:directive](#directive)\n* [angular:filter](#filter)\n* [angular:route](#route)\n* [angular:service](#service)\n* [angular:provider](#service)\n* [angular:factory](#service)\n* [angular:value](#service)\n* [angular:constant](#service)\n* [angular:decorator](#decorator)\n* [angular:view](#view)\n\n**Note: Generators are to be run from the root directory of your app.**\n\n### App\nSets up a new AngularJS app, generating all the boilerplate you need to get started. The app generator also optionally installs Bootstrap and additional AngularJS modules, such as angular-resource (installed by default).\n\nExample:\n```bash\nyo angular\n```\n\n### Route\nGenerates a controller and view, and configures a route in `app/scripts/app.js` connecting them.\n\nExample:\n```bash\nyo angular:route myroute\n```\n\nProduces `app/scripts/controllers/myroute.js`:\n```javascript\nangular.module(\'myMod\').controller(\'MyrouteCtrl\', function ($scope) {\n  // ...\n});\n```\n\nProduces `app/views/myroute.html`:\n```html\n<p>This is the myroute view</p>\n```\n\n**Explicitly provide route URI**\n\nExample:\n```bash\nyo angular:route myRoute --uri=my/route\n```\n\nProduces controller and view as above and adds a route to `app/scripts/app.js`\nwith URI `my/route`\n\n### Controller\nGenerates a controller in `app/scripts/controllers`.\n\nExample:\n```bash\nyo angular:controller user\n```\n\nProduces `app/scripts/controllers/user.js`:\n```javascript\nangular.module(\'myMod\').controller(\'UserCtrl\', function ($scope) {\n  // ...\n});\n```\n### Directive\nGenerates a directive in `app/scripts/directives`.\n\nExample:\n```bash\nyo angular:directive myDirective\n```\n\nProduces `app/scripts/directives/myDirective.js`:\n```javascript\nangular.module(\'myMod\').directive(\'myDirective\', function () {\n  return {\n    template: \'<div></div>\',\n    restrict: \'E\',\n    link: function postLink(scope, element, attrs) {\n      element.text(\'this is the myDirective directive\');\n    }\n  };\n});\n```\n\n### Filter\nGenerates a filter in `app/scripts/filters`.\n\nExample:\n```bash\nyo angular:filter myFilter\n```\n\nProduces `app/scripts/filters/myFilter.js`:\n```javascript\nangular.module(\'myMod\').filter(\'myFilter\', function () {\n  return function (input) {\n    return \'myFilter filter:\' + input;\n  };\n});\n```\n\n### View\nGenerates an HTML view file in `app/views`.\n\nExample:\n```bash\nyo angular:view user\n```\n\nProduces `app/views/user.html`:\n```html\n<p>This is the user view</p>\n```\n\n### Service\nGenerates an AngularJS service.\n\nExample:\n```bash\nyo angular:service myService\n```\n\nProduces `app/scripts/services/myService.js`:\n```javascript\nangular.module(\'myMod\').service(\'myService\', function () {\n  // ...\n});\n```\n\nYou can also do `yo angular:factory`, `yo angular:provider`, `yo angular:value`, and `yo angular:constant` for other types of services.\n\n### Decorator\nGenerates an AngularJS service decorator.\n\nExample:\n```bash\nyo angular:decorator serviceName\n```\n\nProduces `app/scripts/decorators/serviceNameDecorator.js`:\n```javascript\nangular.module(\'myMod\').config(function ($provide) {\n    $provide.decorator(\'serviceName\', function ($delegate) {\n      // ...\n      return $delegate;\n    });\n  });\n```\n\n## Options\nIn general, these options can be applied to any generator, though they only affect generators that produce scripts.\n\n### CoffeeScript\nFor generators that output scripts, the `--coffee` option will output CoffeeScript instead of JavaScript.\n\nFor example:\n```bash\nyo angular:controller user --coffee\n```\n\nProduces `app/scripts/controller/user.coffee`:\n```coffeescript\nangular.module(\'myMod\')\n  .controller \'UserCtrl\', ($scope) ->\n```\n\nA project can mix CoffeScript and JavaScript files.\n\nTo output JavaScript files, even if CoffeeScript files exist (the default is to output CoffeeScript files if the generator finds any in the project), use `--coffee=false`.\n\n### Minification Safe\n\n**Removed**\n\n[Related Issue #452](https://github.com/yeoman/generator-angular/issues/452): This option has been removed from the generator. Initially it was needed as ngMin was not entirely stable. As it has matured, the need to keep separate versions of the script templates has led to extra complexity and maintenance of the generator. By removing these extra burdens, new features and bug fixes should be easier to implement. If you are dependent on this option, please take a look at ngMin and seriously consider implementing it in your own code. It will help reduce the amount of typing you have to do (and look through) as well as make your code cleaner to look at.\n\nBy default, generators produce unannotated code. Without annotations, AngularJS\'s DI system will break when minified. Typically, these annotations that make minification safe are added automatically at build-time, after application files are concatenated, but before they are minified. The annotations are important because minified code will rename variables, making it impossible for AngularJS to infer module names based solely on function parameters.\n\nThe recommended build process uses `ngmin`, a tool that automatically adds these annotations. However, if you\'d rather not use `ngmin`, you have to add these annotations manually yourself. **One thing to note is that `ngmin` does not produce minsafe code for things that are not main level elements like controller, services, providers, etc.:\n\n```javascript\nresolve: {\n  User: function(myService) {\n    return MyService();\n  }\n}\n```\n\nwill need to be manually done like so:\n```javascript\nresolve: {\n  User: [\'myService\', function(myService) {\n    return MyService();\n  }]\n}\n```\n\n\n### Add to Index\nBy default, new scripts are added to the index.html file. However, this may not always be suitable. Some use cases:\n\n* Manually added to the file\n* Auto-added by a 3rd party plugin\n* Using this generator as a subgenerator\n\nTo skip adding them to the index, pass in the skip-add argument:\n```bash\nyo angular:service serviceName --skip-add\n```\n\n## Bower Components\n\nThe following packages are always installed by the [app](#app) generator:\n\n* angular\n* angular-mocks\n* angular-scenario\n\n\nThe following additional modules are available as components on bower, and installable via `bower install`:\n\n* angular-cookies\n* angular-loader\n* angular-resource\n* angular-sanitize\n\nAll of these can be updated with `bower update` as new versions of AngularJS are released.\n\n## Configuration\nYeoman generated projects can be further tweaked according to your needs by modifying project files appropriately.\n\n### Output\nYou can change the `app` directory by adding a `appPath` property to `bower.json`. For instance, if you wanted to easily integrate with Express.js, you could add the following:\n\n```json\n{\n  "name": "yo-test",\n  "version": "0.0.0",\n  ...\n  "appPath": "public"\n}\n\n```\nThis will cause Yeoman-generated client-side files to be placed in `public`.\n\n## Testing\n\nRunning `grunt test` will run the unit tests with karma.\n\n## Contribute\n\nSee the [contributing docs](https://github.com/yeoman/yeoman/blob/master/contributing.md)\n\nWhen submitting an issue, please follow the [guidelines](https://github.com/yeoman/yeoman/blob/master/contributing.md#issue-submission). Especially important is to make sure Yeoman is up-to-date, and providing the command or commands that cause the issue.\n\nWhen submitting a PR, make sure that the commit messages match the [AngularJS conventions](https://docs.google.com/document/d/1QrDFcIiPjSLDn3EL15IJygNPiHORgU1_OOAqWjiDU5Y/).\n\nWhen submitting a bugfix, write a test that exposes the bug and fails before applying your fix. Submit the test alongside the fix.\n\nWhen submitting a new feature, add tests that cover the feature.\n\n## Changelog\n\nRecent changes can be viewed on Github on the [Releases Page](https://github.com/yeoman/generator-angular/releases)\n\n## License\n\n[BSD license](http://opensource.org/licenses/bsd-license.php)\n',
35 silly resolved     readmeFilename: 'readme.md',
35 silly resolved     _id: 'generator-angular@0.9.3',
35 silly resolved     _from: 'generator-angular' } ]
36 info install generator-angular@0.9.3 into /usr/local/lib
37 info installOne generator-angular@0.9.3
38 warn engine generator-angular@0.9.3: wanted: {"node":">=0.10.0","npm":">=1.2.10"} (current: {"node":"v0.8.15","npm":"1.1.66"})
39 verbose from cache /home/mugeda/.npm/generator-angular/0.9.3/package/package.json
40 info /usr/local/lib/node_modules/generator-angular unbuild
41 verbose read json /usr/local/lib/node_modules/generator-angular/package.json
42 verbose tar unpack /home/mugeda/.npm/generator-angular/0.9.3/package.tgz
43 silly lockFile 8c05db5f-b-node-modules-generator-angular /usr/local/lib/node_modules/generator-angular
44 verbose lock /usr/local/lib/node_modules/generator-angular /home/mugeda/.npm/8c05db5f-b-node-modules-generator-angular.lock
45 silly gunzTarPerm modes [ '755', '644' ]
46 silly gunzTarPerm extractEntry package.json
47 silly gunzTarPerm extractEntry util.js
48 silly gunzTarPerm extractEntry script-base.js
49 silly gunzTarPerm extractEntry service/index.js
50 silly gunzTarPerm extractEntry service/USAGE
51 silly gunzTarPerm extractEntry controller/index.js
52 silly gunzTarPerm extractEntry controller/USAGE
53 silly gunzTarPerm extractEntry readme.md
54 silly gunzTarPerm extractEntry app/index.js
55 silly gunzTarPerm extractEntry app/USAGE
56 silly gunzTarPerm extractEntry provider/index.js
57 silly gunzTarPerm extractEntry provider/USAGE
58 silly gunzTarPerm extractEntry constant/index.js
59 silly gunzTarPerm extractEntry constant/USAGE
60 silly gunzTarPerm extractEntry decorator/index.js
61 silly gunzTarPerm extractEntry decorator/USAGE
62 silly gunzTarPerm extractEntry directive/index.js
63 silly gunzTarPerm extractEntry directive/USAGE
64 silly gunzTarPerm extractEntry templates/coffeescript/filter.coffee
65 silly gunzTarPerm extractEntry templates/coffeescript/directive.coffee
66 silly gunzTarPerm extractEntry templates/coffeescript/service/constant.coffee
67 silly gunzTarPerm extractEntry templates/coffeescript/service/value.coffee
68 silly gunzTarPerm extractEntry templates/coffeescript/service/provider.coffee
69 silly gunzTarPerm extractEntry templates/coffeescript/service/factory.coffee
70 silly gunzTarPerm extractEntry templates/coffeescript/service/service.coffee
71 silly gunzTarPerm extractEntry templates/coffeescript/spec/filter.coffee
72 silly gunzTarPerm extractEntry templates/coffeescript/spec/directive.coffee
73 silly gunzTarPerm extractEntry templates/coffeescript/spec/service.coffee
74 silly gunzTarPerm extractEntry templates/coffeescript/spec/controller.coffee
75 silly gunzTarPerm extractEntry templates/coffeescript/decorator.coffee
76 silly gunzTarPerm extractEntry templates/coffeescript/app.coffee
77 silly gunzTarPerm extractEntry templates/coffeescript/controller.coffee
78 silly gunzTarPerm extractEntry templates/javascript/decorator.js
79 silly gunzTarPerm extractEntry templates/javascript/directive.js
80 silly gunzTarPerm extractEntry templates/javascript/app.js
81 silly gunzTarPerm extractEntry templates/javascript/controller.js
82 silly gunzTarPerm extractEntry templates/javascript/filter.js
83 silly gunzTarPerm extractEntry templates/javascript/service/provider.js
84 silly gunzTarPerm extractEntry templates/javascript/service/factory.js
85 silly gunzTarPerm extractEntry templates/javascript/service/constant.js
86 silly gunzTarPerm extractEntry templates/javascript/service/value.js
87 silly gunzTarPerm extractEntry templates/javascript/service/service.js
88 silly gunzTarPerm extractEntry templates/javascript/spec/directive.js
89 silly gunzTarPerm extractEntry templates/javascript/spec/controller.js
90 silly gunzTarPerm extractEntry templates/javascript/spec/filter.js
91 silly gunzTarPerm extractEntry templates/javascript/spec/service.js
92 silly gunzTarPerm extractEntry templates/common/root/_Gruntfile.js
93 silly gunzTarPerm extractEntry templates/common/root/.jshintrc
94 silly gunzTarPerm extractEntry templates/common/root/test/.jshintrc
95 silly gunzTarPerm extractEntry templates/common/root/_package.json
96 silly gunzTarPerm extractEntry templates/common/root/_bower.json
97 silly gunzTarPerm extractEntry templates/common/root/_bowerrc
98 silly gunzTarPerm extractEntry templates/common/root/.editorconfig
99 silly gunzTarPerm extractEntry templates/common/root/.gitattributes
100 silly gunzTarPerm extractEntry templates/common/root/gitignore
101 silly gunzTarPerm extractEntry templates/common/app/views/view.html
102 silly gunzTarPerm extractEntry templates/common/app/views/main.html
103 silly gunzTarPerm extractEntry templates/common/app/404.html
104 silly gunzTarPerm extractEntry templates/common/app/index.html
105 silly gunzTarPerm extractEntry templates/common/app/robots.txt
106 silly gunzTarPerm extractEntry templates/common/app/images/yeoman.png
107 silly gunzTarPerm extractEntry templates/common/app/favicon.ico
108 silly gunzTarPerm extractEntry templates/common/app/.buildignore
109 silly gunzTarPerm extractEntry templates/common/app/styles/main.css
110 silly gunzTarPerm extractEntry templates/common/app/styles/main.scss
111 silly gunzTarPerm extractEntry templates/common/app/.htaccess
112 silly gunzTarPerm extractEntry common/index.js
113 silly gunzTarPerm extractEntry value/index.js
114 silly gunzTarPerm extractEntry value/USAGE
115 silly gunzTarPerm extractEntry route/index.js
116 silly gunzTarPerm extractEntry route/USAGE
117 silly gunzTarPerm extractEntry filter/index.js
118 silly gunzTarPerm extractEntry filter/USAGE
119 silly gunzTarPerm extractEntry main/index.js
120 silly gunzTarPerm extractEntry factory/index.js
121 silly gunzTarPerm extractEntry factory/USAGE
122 silly gunzTarPerm extractEntry view/index.js
123 silly gunzTarPerm extractEntry view/USAGE
124 verbose read json /usr/local/lib/node_modules/generator-angular/package.json
125 silly lockFile 8c05db5f-b-node-modules-generator-angular /usr/local/lib/node_modules/generator-angular
126 info preinstall generator-angular@0.9.3
127 verbose from cache /usr/local/lib/node_modules/generator-angular/package.json
128 verbose readDependencies using package.json deps
129 verbose from cache /usr/local/lib/node_modules/generator-angular/package.json
130 verbose readDependencies using package.json deps
131 verbose cache add [ 'wiredep@^1.0.0', null ]
132 silly cache add name=undefined spec="wiredep@^1.0.0" args=["wiredep@^1.0.0",null]
133 verbose parsed url { pathname: 'wiredep@^1.0.0',
133 verbose parsed url   path: 'wiredep@^1.0.0',
133 verbose parsed url   href: 'wiredep@^1.0.0' }
134 silly cache add name="wiredep" spec="^1.0.0" args=["wiredep","^1.0.0"]
135 verbose parsed url { pathname: '^1.0.0', path: '^1.0.0', href: '^1.0.0' }
136 verbose addNamed [ 'wiredep', '^1.0.0' ]
137 verbose addNamed [ null, null ]
138 silly lockFile e90484a3-wiredep-1-0-0 wiredep@^1.0.0
139 verbose lock wiredep@^1.0.0 /home/mugeda/.npm/e90484a3-wiredep-1-0-0.lock
140 verbose cache add [ 'yeoman-generator@^0.16.0', null ]
141 silly cache add name=undefined spec="yeoman-generator@^0.16.0" args=["yeoman-generator@^0.16.0",null]
142 verbose parsed url { pathname: 'yeoman-generator@^0.16.0',
142 verbose parsed url   path: 'yeoman-generator@^0.16.0',
142 verbose parsed url   href: 'yeoman-generator@^0.16.0' }
143 silly cache add name="yeoman-generator" spec="^0.16.0" args=["yeoman-generator","^0.16.0"]
144 verbose parsed url { pathname: '^0.16.0', path: '^0.16.0', href: '^0.16.0' }
145 verbose addNamed [ 'yeoman-generator', '^0.16.0' ]
146 verbose addNamed [ null, null ]
147 silly lockFile 41a54158-yeoman-generator-0-16-0 yeoman-generator@^0.16.0
148 verbose lock yeoman-generator@^0.16.0 /home/mugeda/.npm/41a54158-yeoman-generator-0-16-0.lock
149 info addNameTag [ 'wiredep', '^1.0.0' ]
150 info addNameTag [ 'yeoman-generator', '^0.16.0' ]
151 verbose url raw wiredep
152 verbose url resolving [ 'https://registry.npmjs.org/', './wiredep' ]
153 verbose url resolved https://registry.npmjs.org/wiredep
154 info trying registry request attempt 1 at 11:36:43
155 verbose etag "EKUFNR1ARWLD85QMYT7QQG7KK"
156 http GET https://registry.npmjs.org/wiredep
157 verbose url raw yeoman-generator
158 verbose url resolving [ 'https://registry.npmjs.org/', './yeoman-generator' ]
159 verbose url resolved https://registry.npmjs.org/yeoman-generator
160 info trying registry request attempt 1 at 11:36:43
161 verbose etag "1YHTSYUS6Q4YFBKLRJ50USG79"
162 http GET https://registry.npmjs.org/yeoman-generator
163 verbose cache add [ 'yosay@^0.2.0', null ]
164 silly cache add name=undefined spec="yosay@^0.2.0" args=["yosay@^0.2.0",null]
165 verbose parsed url { pathname: 'yosay@^0.2.0',
165 verbose parsed url   path: 'yosay@^0.2.0',
165 verbose parsed url   href: 'yosay@^0.2.0' }
166 silly cache add name="yosay" spec="^0.2.0" args=["yosay","^0.2.0"]
167 verbose parsed url { pathname: '^0.2.0', path: '^0.2.0', href: '^0.2.0' }
168 verbose addNamed [ 'yosay', '^0.2.0' ]
169 verbose addNamed [ null, null ]
170 silly lockFile 3979183b-yosay-0-2-0 yosay@^0.2.0
171 verbose lock yosay@^0.2.0 /home/mugeda/.npm/3979183b-yosay-0-2-0.lock
172 verbose cache add [ 'chalk@^0.4.0', null ]
173 silly cache add name=undefined spec="chalk@^0.4.0" args=["chalk@^0.4.0",null]
174 verbose parsed url { pathname: 'chalk@^0.4.0',
174 verbose parsed url   path: 'chalk@^0.4.0',
174 verbose parsed url   href: 'chalk@^0.4.0' }
175 silly cache add name="chalk" spec="^0.4.0" args=["chalk","^0.4.0"]
176 verbose parsed url { pathname: '^0.4.0', path: '^0.4.0', href: '^0.4.0' }
177 verbose addNamed [ 'chalk', '^0.4.0' ]
178 verbose addNamed [ null, null ]
179 silly lockFile b2f4396d-chalk-0-4-0 chalk@^0.4.0
180 verbose lock chalk@^0.4.0 /home/mugeda/.npm/b2f4396d-chalk-0-4-0.lock
181 info addNameTag [ 'yosay', '^0.2.0' ]
182 info addNameTag [ 'chalk', '^0.4.0' ]
183 verbose url raw yosay
184 verbose url resolving [ 'https://registry.npmjs.org/', './yosay' ]
185 verbose url resolved https://registry.npmjs.org/yosay
186 info trying registry request attempt 1 at 11:36:43
187 verbose etag "36SMQFOFKXUW4K4QXWR1DPKGV"
188 http GET https://registry.npmjs.org/yosay
189 verbose url raw chalk
190 verbose url resolving [ 'https://registry.npmjs.org/', './chalk' ]
191 verbose url resolved https://registry.npmjs.org/chalk
192 info trying registry request attempt 1 at 11:36:43
193 verbose etag "4OHFYDC9LSE2P34YNU9YQZL2O"
194 http GET https://registry.npmjs.org/chalk
195 http 304 https://registry.npmjs.org/yosay
196 silly registry.get cb [ 304,
196 silly registry.get   { date: 'Fri, 11 Jul 2014 03:36:47 GMT',
196 silly registry.get     server: 'Apache',
196 silly registry.get     via: '1.1 varnish',
196 silly registry.get     'last-modified': 'Fri, 11 Jul 2014 03:36:47 GMT',
196 silly registry.get     'cache-control': 'max-age=30',
196 silly registry.get     etag: '"36SMQFOFKXUW4K4QXWR1DPKGV"',
196 silly registry.get     'x-served-by': 'cache-ty66-TYO',
196 silly registry.get     'x-cache': 'HIT',
196 silly registry.get     'x-cache-hits': '1',
196 silly registry.get     'x-timer': 'S1405049807.282125,VS0,VE0',
196 silly registry.get     vary: 'Accept',
196 silly registry.get     'content-length': '0',
196 silly registry.get     'keep-alive': 'timeout=10, max=50',
196 silly registry.get     connection: 'Keep-Alive' } ]
197 verbose etag yosay from cache
198 silly lockFile 3979183b-yosay-0-2-0 yosay@^0.2.0
199 verbose about to build /usr/local/lib/node_modules/generator-angular
200 info /usr/local/lib/node_modules/generator-angular unbuild
201 verbose from cache /usr/local/lib/node_modules/generator-angular/package.json
202 http 304 https://registry.npmjs.org/wiredep
203 silly registry.get cb [ 304,
203 silly registry.get   { date: 'Fri, 11 Jul 2014 03:36:47 GMT',
203 silly registry.get     server: 'Apache',
203 silly registry.get     via: '1.1 varnish',
203 silly registry.get     'last-modified': 'Fri, 11 Jul 2014 03:36:47 GMT',
203 silly registry.get     'cache-control': 'max-age=30',
203 silly registry.get     etag: '"EKUFNR1ARWLD85QMYT7QQG7KK"',
203 silly registry.get     'x-served-by': 'cache-ty68-TYO',
203 silly registry.get     'x-cache': 'HIT',
203 silly registry.get     'x-cache-hits': '1',
203 silly registry.get     'x-timer': 'S1405049807.282365,VS0,VE0',
203 silly registry.get     vary: 'Accept',
203 silly registry.get     'content-length': '0',
203 silly registry.get     'keep-alive': 'timeout=10, max=50',
203 silly registry.get     connection: 'Keep-Alive' } ]
204 verbose etag wiredep from cache
205 info preuninstall generator-angular@0.9.3
206 info uninstall generator-angular@0.9.3
207 verbose true,/usr/local/lib/node_modules,/usr/local/lib/node_modules unbuild generator-angular@0.9.3
208 info postuninstall generator-angular@0.9.3
209 silly lockFile e90484a3-wiredep-1-0-0 wiredep@^1.0.0
210 error Error: No compatible version found: yosay@'^0.2.0'
210 error Valid install targets:
210 error ["0.1.0","0.2.0","0.2.1","0.3.0"]
210 error     at installTargetsError (/usr/local/lib/node_modules/npm/lib/cache.js:563:10)
210 error     at /usr/local/lib/node_modules/npm/lib/cache.js:478:10
210 error     at saved (/usr/local/lib/node_modules/npm/node_modules/npm-registry-client/lib/get.js:138:7)
210 error     at /usr/local/lib/node_modules/npm/node_modules/graceful-fs/graceful-fs.js:218:7
210 error     at Object.oncomplete (fs.js:297:15)
211 error If you need help, you may report this log at:
211 error     <http://github.com/isaacs/npm/issues>
211 error or email it to:
211 error     <npm-@googlegroups.com>
212 error System Linux 3.8.0-33-generic
213 error command "/usr/local/bin/node" "/usr/local/bin/npm" "install" "-g" "generator-angular"
214 error cwd /home/mugeda/github/Jun/web/outer
215 error node -v v0.8.15
216 error npm -v 1.1.66
217 verbose exit [ 1, true ]
